127.0.0.1 - - [21/Feb/2022:10:27:23 +0100] "POST /wp-cron.php?doing_wp_cron=1645435643.1573009490966796875000 HTTP/1.1" 200 -
127.0.0.1 - - [21/Feb/2022:10:27:23 +0100] "\x16\x03\x01" 400 226
127.0.0.1 - - [21/Feb/2022:10:27:23 +0100] "\x16\x03\x01" 400 226
::1 - - [21/Feb/2022:10:30:53 +0100] "GET /wp-admin/ HTTP/1.1" 302 -
::1 - - [21/Feb/2022:10:30:53 +0100] "GET /wp-login.php?redirect_to=http%3A%2F%2Flocalhost%3A10009%2Fwp-admin%2F&reauth=1 HTTP/1.1" 200 5721
::1 - - [21/Feb/2022:10:30:53 +0100] "GET /wp-includes/css/dashicons.min.css?ver=5.9 HTTP/1.1" 200 59016
::1 - - [21/Feb/2022:10:30:53 +0100] "GET /wp-includes/css/buttons.min.css?ver=5.9 HTTP/1.1" 200 5854
::1 - - [21/Feb/2022:10:30:53 +0100] "GET /wp-admin/css/forms.min.css?ver=5.9 HTTP/1.1" 200 25369
::1 - - [21/Feb/2022:10:30:53 +0100] "GET /wp-admin/css/l10n.min.css?ver=5.9 HTTP/1.1" 200 2477
::1 - - [21/Feb/2022:10:30:53 +0100] "GET /wp-admin/css/login.min.css?ver=5.9 HTTP/1.1" 200 6315
::1 - - [21/Feb/2022:10:30:53 +0100] "GET /wp-includes/js/jquery/jquery.min.js?ver=3.6.0 HTTP/1.1" 200 89521
::1 - - [21/Feb/2022:10:30:53 +0100] "GET /wp-includes/js/jquery/jquery-migrate.min.js?ver=3.3.2 HTTP/1.1" 200 11224
::1 - - [21/Feb/2022:10:30:53 +0100] "GET /wp-includes/js/zxcvbn-async.min.js?ver=1.0 HTTP/1.1" 200 351
::1 - - [21/Feb/2022:10:30:53 +0100] "GET /wp-includes/js/dist/vendor/regenerator-runtime.min.js?ver=0.13.9 HTTP/1.1" 200 6494
::1 - - [21/Feb/2022:10:30:53 +0100] "GET /wp-includes/js/dist/vendor/wp-polyfill.min.js?ver=3.15.0 HTTP/1.1" 200 19261
::1 - - [21/Feb/2022:10:30:53 +0100] "GET /wp-includes/js/dist/hooks.min.js?ver=1e58c8c5a32b2e97491080c5b10dc71c HTTP/1.1" 200 5690
::1 - - [21/Feb/2022:10:30:53 +0100] "GET /wp-includes/js/dist/i18n.min.js?ver=30fcecb428a0e8383d3776bcdd3a7834 HTTP/1.1" 200 10407
::1 - - [21/Feb/2022:10:30:53 +0100] "GET /wp-admin/js/password-strength-meter.min.js?ver=5.9 HTTP/1.1" 200 1123
::1 - - [21/Feb/2022:10:30:53 +0100] "GET /wp-includes/js/underscore.min.js?ver=1.13.1 HTTP/1.1" 200 19069
::1 - - [21/Feb/2022:10:30:53 +0100] "GET /wp-includes/js/wp-util.min.js?ver=5.9 HTTP/1.1" 200 1340
::1 - - [21/Feb/2022:10:30:53 +0100] "GET /wp-admin/js/user-profile.min.js?ver=5.9 HTTP/1.1" 200 6102
::1 - - [21/Feb/2022:10:30:53 +0100] "GET /wp-includes/js/jquery/jquery.min.js?ver=3.6.0 HTTP/1.1" 200 89521
::1 - - [21/Feb/2022:10:30:53 +0100] "GET /wp-includes/js/jquery/jquery-migrate.min.js?ver=3.3.2 HTTP/1.1" 200 11224
::1 - - [21/Feb/2022:10:30:53 +0100] "GET /wp-includes/js/zxcvbn-async.min.js?ver=1.0 HTTP/1.1" 200 351
::1 - - [21/Feb/2022:10:30:53 +0100] "GET /wp-includes/js/dist/vendor/regenerator-runtime.min.js?ver=0.13.9 HTTP/1.1" 200 6494
::1 - - [21/Feb/2022:10:30:53 +0100] "GET /wp-includes/js/dist/vendor/wp-polyfill.min.js?ver=3.15.0 HTTP/1.1" 200 19261
::1 - - [21/Feb/2022:10:30:53 +0100] "GET /wp-includes/js/dist/hooks.min.js?ver=1e58c8c5a32b2e97491080c5b10dc71c HTTP/1.1" 200 5690
::1 - - [21/Feb/2022:10:30:53 +0100] "GET /wp-includes/js/dist/i18n.min.js?ver=30fcecb428a0e8383d3776bcdd3a7834 HTTP/1.1" 200 10407
::1 - - [21/Feb/2022:10:30:53 +0100] "GET /wp-admin/js/password-strength-meter.min.js?ver=5.9 HTTP/1.1" 200 1123
::1 - - [21/Feb/2022:10:30:53 +0100] "GET /wp-includes/js/underscore.min.js?ver=1.13.1 HTTP/1.1" 200 19069
::1 - - [21/Feb/2022:10:30:53 +0100] "GET /wp-includes/js/wp-util.min.js?ver=5.9 HTTP/1.1" 200 1340
::1 - - [21/Feb/2022:10:30:53 +0100] "GET /wp-admin/js/user-profile.min.js?ver=5.9 HTTP/1.1" 200 6102
::1 - - [21/Feb/2022:10:30:54 +0100] "GET /wp-admin/images/wordpress-logo.svg?ver=20131107 HTTP/1.1" 200 1521
::1 - - [21/Feb/2022:10:30:54 +0100] "GET /wp-includes/js/zxcvbn.min.js HTTP/1.1" 200 822237
::1 - - [21/Feb/2022:10:30:54 +0100] "GET /favicon.ico HTTP/1.1" 302 -
::1 - - [21/Feb/2022:10:30:54 +0100] "GET /wp-includes/images/w-logo-blue-white-bg.png HTTP/1.1" 200 4119
::1 - - [21/Feb/2022:10:30:54 +0100] "GET /wp-includes/js/zxcvbn.min.js HTTP/1.1" 200 822237
::1 - - [21/Feb/2022:10:31:01 +0100] "POST /wp-login.php HTTP/1.1" 302 -
::1 - - [21/Feb/2022:10:31:03 +0100] "GET /wp-includes/js/thickbox/thickbox.css?ver=5.9 HTTP/1.1" 200 2659
::1 - - [21/Feb/2022:10:31:03 +0100] "GET /wp-admin/load-styles.php?c=0&dir=ltr&load%5Bchunk_0%5D=dashicons,admin-bar,site-health,common,forms,admin-menu,dashboard,list-tables,edit,revisions,media,themes,about,nav-menus,wp-poi&load%5Bchunk_1%5D=nter,widgets,site-icon,l10n,buttons,wp-auth-check&ver=5.9 HTTP/1.1" 200 390620
::1 - - [21/Feb/2022:10:31:03 +0100] "GET /wp-admin/load-scripts.php?c=0&load%5Bchunk_0%5D=jquery-core,jquery-migrate,utils&ver=5.9 HTTP/1.1" 200 102612
::1 - - [21/Feb/2022:10:31:03 +0100] "GET /wp-admin/load-scripts.php?c=0&load%5Bchunk_0%5D=jquery-core,jquery-migrate,utils&ver=5.9 HTTP/1.1" 200 102612
::1 - - [21/Feb/2022:10:31:01 +0100] "GET /wp-admin/ HTTP/1.1" 200 67015
::1 - - [21/Feb/2022:10:31:03 +0100] "GET /wp-includes/css/editor.min.css?ver=5.9 HTTP/1.1" 200 27188
::1 - - [21/Feb/2022:10:31:03 +0100] "GET /wp-admin/js/common.min.js?ver=5.9 HTTP/1.1" 200 20038
::1 - - [21/Feb/2022:10:31:03 +0100] "GET /wp-includes/js/hoverintent-js.min.js?ver=2.2.1 HTTP/1.1" 200 1718
::1 - - [21/Feb/2022:10:31:03 +0100] "GET /wp-admin/load-scripts.php?c=0&load%5Bchunk_0%5D=hoverIntent,regenerator-runtime,wp-polyfill,wp-hooks&ver=5.9 HTTP/1.1" 200 32949
::1 - - [21/Feb/2022:10:31:03 +0100] "GET /wp-includes/js/admin-bar.min.js?ver=5.9 HTTP/1.1" 200 3556
::1 - - [21/Feb/2022:10:31:03 +0100] "GET /wp-includes/js/clipboard.min.js?ver=5.9 HTTP/1.1" 200 10607
::1 - - [21/Feb/2022:10:31:03 +0100] "GET /wp-includes/js/dist/dom-ready.min.js?ver=ecda74de0221e1c2ce5c57cbb5af09d5 HTTP/1.1" 200 1257
::1 - - [21/Feb/2022:10:31:03 +0100] "GET /wp-includes/js/dist/a11y.min.js?ver=68e470cf840f69530e9db3be229ad4b6 HTTP/1.1" 200 3069
::1 - - [21/Feb/2022:10:31:03 +0100] "GET /wp-includes/js/api-request.min.js?ver=5.9 HTTP/1.1" 200 1025
::1 - - [21/Feb/2022:10:31:03 +0100] "GET /wp-includes/js/dist/vendor/lodash.min.js?ver=4.17.19 HTTP/1.1" 200 73015
::1 - - [21/Feb/2022:10:31:03 +0100] "GET /wp-includes/js/dist/url.min.js?ver=52ebb5d46ceac12c583cc27606583f7a HTTP/1.1" 200 5609
::1 - - [21/Feb/2022:10:31:03 +0100] "GET /wp-admin/js/site-health.min.js?ver=5.9 HTTP/1.1" 200 6142
::1 - - [21/Feb/2022:10:31:03 +0100] "GET /wp-includes/js/wp-ajax-response.min.js?ver=5.9 HTTP/1.1" 200 2258
::1 - - [21/Feb/2022:10:31:03 +0100] "GET /wp-includes/js/jquery/jquery.color.min.js?ver=2.1.2 HTTP/1.1" 200 9315
::1 - - [21/Feb/2022:10:31:03 +0100] "GET /wp-includes/js/wp-lists.min.js?ver=5.9 HTTP/1.1" 200 7442
::1 - - [21/Feb/2022:10:31:03 +0100] "GET /wp-includes/js/quicktags.min.js?ver=5.9 HTTP/1.1" 200 11132
::1 - - [21/Feb/2022:10:31:03 +0100] "GET /wp-includes/js/jquery/jquery.query.js?ver=2.1.7 HTTP/1.1" 200 3785
::1 - - [21/Feb/2022:10:31:03 +0100] "GET /wp-admin/js/edit-comments.min.js?ver=5.9 HTTP/1.1" 200 15268
::1 - - [21/Feb/2022:10:31:03 +0100] "GET /wp-includes/js/jquery/ui/core.min.js?ver=1.13.0 HTTP/1.1" 200 20674
::1 - - [21/Feb/2022:10:31:03 +0100] "GET /wp-includes/js/jquery/ui/mouse.min.js?ver=1.13.0 HTTP/1.1" 200 3406
::1 - - [21/Feb/2022:10:31:03 +0100] "GET /wp-includes/js/jquery/ui/sortable.min.js?ver=1.13.0 HTTP/1.1" 200 25477
::1 - - [21/Feb/2022:10:31:03 +0100] "GET /wp-admin/js/postbox.min.js?ver=5.9 HTTP/1.1" 200 6713
::1 - - [21/Feb/2022:10:31:03 +0100] "GET /wp-includes/js/dist/vendor/moment.min.js?ver=2.29.1 HTTP/1.1" 200 58325
::1 - - [21/Feb/2022:10:31:03 +0100] "GET /wp-includes/js/dist/date.min.js?ver=a9a5af167fc60fa1bfda62582a7beb3c HTTP/1.1" 200 202264
::1 - - [21/Feb/2022:10:31:03 +0100] "GET /wp-admin/js/dashboard.min.js?ver=5.9 HTTP/1.1" 200 8797
::1 - - [21/Feb/2022:10:31:03 +0100] "GET /wp-includes/js/thickbox/thickbox.js?ver=3.1-20121105 HTTP/1.1" 200 13194
::1 - - [21/Feb/2022:10:31:03 +0100] "GET /wp-admin/js/plugin-install.min.js?ver=5.9 HTTP/1.1" 200 2403
::1 - - [21/Feb/2022:10:31:03 +0100] "GET /wp-includes/js/wp-sanitize.min.js?ver=5.9 HTTP/1.1" 200 458
::1 - - [21/Feb/2022:10:31:03 +0100] "GET /wp-admin/js/updates.min.js?ver=5.9 HTTP/1.1" 200 41173
::1 - - [21/Feb/2022:10:31:03 +0100] "GET /wp-includes/js/shortcode.min.js?ver=5.9 HTTP/1.1" 200 2650
::1 - - [21/Feb/2022:10:31:03 +0100] "GET /wp-admin/js/media-upload.min.js?ver=5.9 HTTP/1.1" 200 1152
::1 - - [21/Feb/2022:10:31:03 +0100] "GET /wp-admin/js/svg-painter.js?ver=5.9 HTTP/1.1" 200 5522
::1 - - [21/Feb/2022:10:31:03 +0100] "GET /wp-includes/js/heartbeat.min.js?ver=5.9 HTTP/1.1" 200 5877
::1 - - [21/Feb/2022:10:31:03 +0100] "GET /wp-includes/js/wp-auth-check.min.js?ver=5.9 HTTP/1.1" 200 1658
::1 - - [21/Feb/2022:10:31:03 +0100] "GET /wp-includes/js/wplink.min.js?ver=5.9 HTTP/1.1" 200 11270
::1 - - [21/Feb/2022:10:31:03 +0100] "GET /wp-includes/js/jquery/ui/menu.min.js?ver=1.13.0 HTTP/1.1" 200 10116
::1 - - [21/Feb/2022:10:31:03 +0100] "GET /wp-includes/js/jquery/ui/autocomplete.min.js?ver=1.13.0 HTTP/1.1" 200 8404
::1 - - [21/Feb/2022:10:31:03 +0100] "GET /wp-admin/js/common.min.js?ver=5.9 HTTP/1.1" 200 20038
::1 - - [21/Feb/2022:10:31:03 +0100] "GET /wp-includes/js/hoverintent-js.min.js?ver=2.2.1 HTTP/1.1" 200 1718
::1 - - [21/Feb/2022:10:31:03 +0100] "GET /wp-includes/js/admin-bar.min.js?ver=5.9 HTTP/1.1" 200 3556
::1 - - [21/Feb/2022:10:31:03 +0100] "GET /wp-includes/js/dist/dom-ready.min.js?ver=ecda74de0221e1c2ce5c57cbb5af09d5 HTTP/1.1" 200 1257
::1 - - [21/Feb/2022:10:31:03 +0100] "GET /wp-includes/js/dist/a11y.min.js?ver=68e470cf840f69530e9db3be229ad4b6 HTTP/1.1" 200 3069
::1 - - [21/Feb/2022:10:31:03 +0100] "GET /wp-includes/js/clipboard.min.js?ver=5.9 HTTP/1.1" 200 10607
::1 - - [21/Feb/2022:10:31:03 +0100] "GET /wp-admin/load-scripts.php?c=0&load%5Bchunk_0%5D=hoverIntent,regenerator-runtime,wp-polyfill,wp-hooks&ver=5.9 HTTP/1.1" 200 32949
::1 - - [21/Feb/2022:10:31:03 +0100] "GET /wp-includes/js/api-request.min.js?ver=5.9 HTTP/1.1" 200 1025
::1 - - [21/Feb/2022:10:31:03 +0100] "GET /wp-includes/js/dist/url.min.js?ver=52ebb5d46ceac12c583cc27606583f7a HTTP/1.1" 200 5609
::1 - - [21/Feb/2022:10:31:03 +0100] "GET /wp-includes/js/wp-ajax-response.min.js?ver=5.9 HTTP/1.1" 200 2258
::1 - - [21/Feb/2022:10:31:03 +0100] "GET /wp-admin/js/site-health.min.js?ver=5.9 HTTP/1.1" 200 6142
::1 - - [21/Feb/2022:10:31:03 +0100] "GET /wp-includes/js/jquery/jquery.color.min.js?ver=2.1.2 HTTP/1.1" 200 9315
::1 - - [21/Feb/2022:10:31:03 +0100] "GET /wp-includes/js/dist/vendor/lodash.min.js?ver=4.17.19 HTTP/1.1" 200 73015
::1 - - [21/Feb/2022:10:31:03 +0100] "GET /wp-includes/js/wp-lists.min.js?ver=5.9 HTTP/1.1" 200 7442
::1 - - [21/Feb/2022:10:31:03 +0100] "GET /wp-includes/js/jquery/jquery.query.js?ver=2.1.7 HTTP/1.1" 200 3785
::1 - - [21/Feb/2022:10:31:03 +0100] "GET /wp-includes/js/quicktags.min.js?ver=5.9 HTTP/1.1" 200 11132
::1 - - [21/Feb/2022:10:31:03 +0100] "GET /wp-includes/js/jquery/ui/mouse.min.js?ver=1.13.0 HTTP/1.1" 200 3406
::1 - - [21/Feb/2022:10:31:03 +0100] "GET /wp-admin/js/edit-comments.min.js?ver=5.9 HTTP/1.1" 200 15268
::1 - - [21/Feb/2022:10:31:03 +0100] "GET /wp-includes/js/jquery/ui/core.min.js?ver=1.13.0 HTTP/1.1" 200 20674
::1 - - [21/Feb/2022:10:31:03 +0100] "GET /wp-includes/js/jquery/ui/sortable.min.js?ver=1.13.0 HTTP/1.1" 200 25477
::1 - - [21/Feb/2022:10:31:03 +0100] "GET /wp-admin/js/postbox.min.js?ver=5.9 HTTP/1.1" 200 6713
::1 - - [21/Feb/2022:10:31:03 +0100] "GET /wp-includes/js/dist/vendor/moment.min.js?ver=2.29.1 HTTP/1.1" 200 58325
::1 - - [21/Feb/2022:10:31:03 +0100] "GET /wp-admin/js/dashboard.min.js?ver=5.9 HTTP/1.1" 200 8797
::1 - - [21/Feb/2022:10:31:03 +0100] "GET /wp-admin/js/plugin-install.min.js?ver=5.9 HTTP/1.1" 200 2403
::1 - - [21/Feb/2022:10:31:03 +0100] "GET /wp-includes/js/thickbox/thickbox.js?ver=3.1-20121105 HTTP/1.1" 200 13194
::1 - - [21/Feb/2022:10:31:03 +0100] "GET /wp-includes/js/wp-sanitize.min.js?ver=5.9 HTTP/1.1" 200 458
::1 - - [21/Feb/2022:10:31:03 +0100] "GET /wp-includes/js/dist/date.min.js?ver=a9a5af167fc60fa1bfda62582a7beb3c HTTP/1.1" 200 202264
::1 - - [21/Feb/2022:10:31:03 +0100] "GET /wp-includes/js/shortcode.min.js?ver=5.9 HTTP/1.1" 200 2650
::1 - - [21/Feb/2022:10:31:03 +0100] "GET /wp-admin/js/media-upload.min.js?ver=5.9 HTTP/1.1" 200 1152
::1 - - [21/Feb/2022:10:31:03 +0100] "GET /wp-admin/js/updates.min.js?ver=5.9 HTTP/1.1" 200 41173
::1 - - [21/Feb/2022:10:31:03 +0100] "GET /wp-admin/js/svg-painter.js?ver=5.9 HTTP/1.1" 200 5522
::1 - - [21/Feb/2022:10:31:03 +0100] "GET /wp-includes/js/heartbeat.min.js?ver=5.9 HTTP/1.1" 200 5877
::1 - - [21/Feb/2022:10:31:03 +0100] "GET /wp-includes/js/wplink.min.js?ver=5.9 HTTP/1.1" 200 11270
::1 - - [21/Feb/2022:10:31:03 +0100] "GET /wp-includes/js/wp-auth-check.min.js?ver=5.9 HTTP/1.1" 200 1658
::1 - - [21/Feb/2022:10:31:03 +0100] "GET /wp-includes/js/jquery/ui/menu.min.js?ver=1.13.0 HTTP/1.1" 200 10116
::1 - - [21/Feb/2022:10:31:03 +0100] "GET /wp-includes/js/jquery/ui/autocomplete.min.js?ver=1.13.0 HTTP/1.1" 200 8404
::1 - - [21/Feb/2022:10:31:03 +0100] "GET /wp-includes/js/wp-emoji-release.min.js?ver=5.9 HTTP/1.1" 200 18181
::1 - - [21/Feb/2022:10:31:03 +0100] "GET /wp-admin/images/about-header-about.svg HTTP/1.1" 200 5024
::1 - - [21/Feb/2022:10:31:03 +0100] "GET /wp-admin/images/about-texture.png HTTP/1.1" 200 146755
127.0.0.1 - - [21/Feb/2022:10:31:03 +0100] "POST /wp-cron.php?doing_wp_cron=1645435863.8906450271606445312500 HTTP/1.1" 200 -
::1 - - [21/Feb/2022:10:31:03 +0100] "GET /wp-admin/admin-ajax.php?action=wp-compression-test&test=1&_ajax_nonce=9b0aed8326&1645435863817 HTTP/1.1" 200 1114
::1 - - [21/Feb/2022:10:31:04 +0100] "GET /wp-includes/js/thickbox/loadingAnimation.gif HTTP/1.1" 200 15238
::1 - - [21/Feb/2022:10:31:04 +0100] "GET /wp-includes/js/wp-emoji-release.min.js?ver=5.9 HTTP/1.1" 200 18181
::1 - - [21/Feb/2022:10:31:04 +0100] "GET /wp-admin/admin-ajax.php?action=wp-compression-test&test=2&_ajax_nonce=9b0aed8326&1645435864070 HTTP/1.1" 200 572
::1 - - [21/Feb/2022:10:31:04 +0100] "POST /wp-admin/admin-ajax.php HTTP/1.1" 200 470
::1 - - [21/Feb/2022:10:31:04 +0100] "GET /wp-admin/images/spinner.gif HTTP/1.1" 200 3656
::1 - - [21/Feb/2022:10:31:04 +0100] "GET /wp-admin/admin-ajax.php?action=wp-compression-test&test=yes&_ajax_nonce=9b0aed8326&1645435864168 HTTP/1.1" 200 1
::1 - - [21/Feb/2022:10:31:04 +0100] "GET /wp-admin/admin-ajax.php?action=dashboard-widgets&widget=dashboard_primary&pagenow=dashboard HTTP/1.1" 200 932
127.0.0.1 - - [21/Feb/2022:10:32:04 +0100] "POST /wp-cron.php?doing_wp_cron=1645435924.1174991130828857421875 HTTP/1.1" 200 -
::1 - - [21/Feb/2022:10:32:04 +0100] "POST /wp-admin/admin-ajax.php HTTP/1.1" 200 47
::1 - - [21/Feb/2022:10:33:04 +0100] "POST /wp-admin/admin-ajax.php HTTP/1.1" 200 47
::1 - - [21/Feb/2022:10:34:04 +0100] "POST /wp-admin/admin-ajax.php HTTP/1.1" 200 47
::1 - - [21/Feb/2022:10:35:04 +0100] "POST /wp-admin/admin-ajax.php HTTP/1.1" 200 47
::1 - - [21/Feb/2022:10:36:28 +0100] "POST /wp-admin/admin-ajax.php HTTP/1.1" 200 47
::1 - - [21/Feb/2022:10:37:28 +0100] "POST /wp-admin/admin-ajax.php HTTP/1.1" 200 47
::1 - - [21/Feb/2022:10:38:28 +0100] "POST /wp-admin/admin-ajax.php HTTP/1.1" 200 47
::1 - - [21/Feb/2022:10:39:28 +0100] "POST /wp-admin/admin-ajax.php HTTP/1.1" 200 47
::1 - - [21/Feb/2022:10:40:28 +0100] "POST /wp-admin/admin-ajax.php HTTP/1.1" 200 47
::1 - - [21/Feb/2022:10:41:28 +0100] "POST /wp-admin/admin-ajax.php HTTP/1.1" 200 47
::1 - - [21/Feb/2022:10:42:28 +0100] "POST /wp-admin/admin-ajax.php HTTP/1.1" 200 47
::1 - - [21/Feb/2022:10:43:28 +0100] "POST /wp-admin/admin-ajax.php HTTP/1.1" 200 47
::1 - - [21/Feb/2022:10:44:28 +0100] "POST /wp-admin/admin-ajax.php HTTP/1.1" 200 47
::1 - - [21/Feb/2022:10:45:28 +0100] "POST /wp-admin/admin-ajax.php HTTP/1.1" 200 47
::1 - - [21/Feb/2022:10:45:39 +0100] "GET /wp-admin/edit.php?post_type=page HTTP/1.1" 200 48907
::1 - - [21/Feb/2022:10:45:39 +0100] "GET /wp-admin/load-styles.php?c=1&dir=ltr&load%5Bchunk_0%5D=dashicons,admin-bar,common,forms,admin-menu,dashboard,list-tables,edit,revisions,media,themes,about,nav-menus,wp-pointer,widgets&load%5Bchunk_1%5D=,site-icon,l10n,buttons,wp-auth-check&ver=5.9 HTTP/1.1" 200 385497
::1 - - [21/Feb/2022:10:45:39 +0100] "GET /wp-admin/load-scripts.php?c=1&load%5Bchunk_0%5D=jquery-core,jquery-migrate,utils&ver=5.9 HTTP/1.1" 200 102612
::1 - - [21/Feb/2022:10:45:39 +0100] "GET /wp-admin/load-scripts.php?c=1&load%5Bchunk_0%5D=hoverIntent,regenerator-runtime,wp-polyfill,wp-hooks&ver=5.9 HTTP/1.1" 200 32949
::1 - - [21/Feb/2022:10:45:39 +0100] "GET /wp-admin/js/tags-suggest.min.js?ver=5.9 HTTP/1.1" 200 2250
::1 - - [21/Feb/2022:10:45:39 +0100] "GET /wp-admin/js/inline-edit-post.min.js?ver=5.9 HTTP/1.1" 200 7411
::1 - - [21/Feb/2022:10:45:39 +0100] "GET /wp-admin/load-scripts.php?c=1&load%5Bchunk_0%5D=jquery-core,jquery-migrate,utils&ver=5.9 HTTP/1.1" 200 102612
::1 - - [21/Feb/2022:10:45:39 +0100] "GET /wp-admin/load-scripts.php?c=1&load%5Bchunk_0%5D=hoverIntent,regenerator-runtime,wp-polyfill,wp-hooks&ver=5.9 HTTP/1.1" 200 32949
::1 - - [21/Feb/2022:10:45:39 +0100] "GET /wp-admin/js/tags-suggest.min.js?ver=5.9 HTTP/1.1" 200 2250
::1 - - [21/Feb/2022:10:45:39 +0100] "GET /wp-admin/js/inline-edit-post.min.js?ver=5.9 HTTP/1.1" 200 7411
::1 - - [21/Feb/2022:10:45:39 +0100] "POST /wp-admin/admin-ajax.php HTTP/1.1" 200 47
::1 - - [21/Feb/2022:10:45:41 +0100] "GET /wp-admin/post.php?post=2&action=edit HTTP/1.1" 200 693273
::1 - - [21/Feb/2022:10:45:43 +0100] "GET /wp-includes/js/mediaelement/mediaelementplayer-legacy.min.css?ver=4.2.16 HTTP/1.1" 200 11256
::1 - - [21/Feb/2022:10:45:43 +0100] "GET /wp-includes/js/imgareaselect/imgareaselect.css?ver=0.9.8 HTTP/1.1" 200 790
::1 - - [21/Feb/2022:10:45:43 +0100] "GET /wp-includes/js/mediaelement/wp-mediaelement.min.css?ver=5.9 HTTP/1.1" 200 4186
::1 - - [21/Feb/2022:10:45:43 +0100] "GET /wp-admin/load-styles.php?c=1&dir=ltr&load%5Bchunk_0%5D=dashicons,admin-bar,buttons,media-views,editor-buttons,wp-components,wp-block-editor,wp-nux,wp-reusable-blocks,wp-editor,common,&load%5Bchunk_1%5D=forms,wp-reset-editor-styles,wp-block-library,wp-edit-blocks,wp-edit-post,wp-block-directory,wp-format-library,admin-menu,dashbo&load%5Bchunk_2%5D=ard,list-tables,edit,revisions,media,themes,about,nav-menus,wp-pointer,widgets,site-icon,l10n,wp-auth-check,wp-block-library-the&load%5Bchunk_3%5D=me&ver=5.9 HTTP/1.1" 200 910526
::1 - - [21/Feb/2022:10:45:43 +0100] "GET /wp-admin/load-scripts.php?c=1&load%5Bchunk_0%5D=jquery-core,jquery-migrate,utils,moxiejs,plupload&ver=5.9 HTTP/1.1" 200 205817
::1 - - [21/Feb/2022:10:45:43 +0100] "GET /wp-includes/js/dist/vendor/react.min.js?ver=17.0.1 HTTP/1.1" 200 11440
::1 - - [21/Feb/2022:10:45:43 +0100] "GET /wp-includes/js/dist/vendor/react-dom.min.js?ver=17.0.1 HTTP/1.1" 200 120585
::1 - - [21/Feb/2022:10:45:43 +0100] "GET /wp-includes/js/dist/blob.min.js?ver=4eca38a62df5f0145a5f1a78858581e7 HTTP/1.1" 200 1574
::1 - - [21/Feb/2022:10:45:43 +0100] "GET /wp-includes/js/dist/api-fetch.min.js?ver=17766b2bf644140bbb233ce86db2174c HTTP/1.1" 200 6076
::1 - - [21/Feb/2022:10:45:43 +0100] "GET /wp-includes/js/dist/autop.min.js?ver=e5e1c1378bcb34e073986566ac756500 HTTP/1.1" 200 6307
::1 - - [21/Feb/2022:10:45:43 +0100] "GET /wp-includes/js/dist/block-serialization-default-parser.min.js?ver=2fc6dec19af6d4c5e5fec8f6fdc1a10b HTTP/1.1" 200 3015
::1 - - [21/Feb/2022:10:45:43 +0100] "GET /wp-includes/js/dist/deprecated.min.js?ver=8778985ac0dfb16f24f8ef86d0718f43 HTTP/1.1" 200 1647
::1 - - [21/Feb/2022:10:45:43 +0100] "GET /wp-includes/js/dist/dom.min.js?ver=ba466ff86449b948bf89b1d25c2ad20e HTTP/1.1" 200 13546
::1 - - [21/Feb/2022:10:45:43 +0100] "GET /wp-includes/js/dist/escape-html.min.js?ver=ce66e0f9acf6802317399656243ffbc4 HTTP/1.1" 200 1783
::1 - - [21/Feb/2022:10:45:43 +0100] "GET /wp-includes/js/dist/element.min.js?ver=fb9def72b4f6427aa79ce1c534a205cc HTTP/1.1" 200 9651
::1 - - [21/Feb/2022:10:45:43 +0100] "GET /wp-includes/js/dist/is-shallow-equal.min.js?ver=77450ab7b4e5185ab453093061332216 HTTP/1.1" 200 1696
::1 - - [21/Feb/2022:10:45:43 +0100] "GET /wp-includes/js/dist/keycodes.min.js?ver=9fd5d44710365c520fb15d397154271b HTTP/1.1" 200 4143
::1 - - [21/Feb/2022:10:45:43 +0100] "GET /wp-includes/js/dist/priority-queue.min.js?ver=8800e995455b762f0853c3b3abee6781 HTTP/1.1" 200 1636
::1 - - [21/Feb/2022:10:45:43 +0100] "GET /wp-includes/js/dist/compose.min.js?ver=058697a4c5024045c81954f411ff6dba HTTP/1.1" 200 36812
::1 - - [21/Feb/2022:10:45:43 +0100] "GET /wp-includes/js/dist/redux-routine.min.js?ver=6c3ab278bc9641b6f62731e018a4449e HTTP/1.1" 200 9796
::1 - - [21/Feb/2022:10:45:43 +0100] "GET /wp-includes/js/dist/data.min.js?ver=c5f9378263e5eea9d870764c8fc1dd1b HTTP/1.1" 200 24453
::1 - - [21/Feb/2022:10:45:43 +0100] "GET /wp-includes/js/dist/html-entities.min.js?ver=544a76db37139ce991197ce1c0e8a601 HTTP/1.1" 200 1416
::1 - - [21/Feb/2022:10:45:43 +0100] "GET /wp-includes/js/dist/shortcode.min.js?ver=7e026aec9ee5f844fe239b66b54b8865 HTTP/1.1" 200 4055
::1 - - [21/Feb/2022:10:45:43 +0100] "GET /wp-includes/js/dist/blocks.min.js?ver=28d5b8f8805a22435cbdc51927067812 HTTP/1.1" 200 158553
::1 - - [21/Feb/2022:10:45:43 +0100] "GET /wp-includes/js/dist/primitives.min.js?ver=31ccba505ebf4a66b299970fad62423c HTTP/1.1" 200 2901
::1 - - [21/Feb/2022:10:45:43 +0100] "GET /wp-includes/js/dist/rich-text.min.js?ver=a3e3616311fad456179e52a7528ec7fd HTTP/1.1" 200 36738
::1 - - [21/Feb/2022:10:45:43 +0100] "GET /wp-includes/js/dist/warning.min.js?ver=1f17121f9d6d7d4961e1345d847b2122 HTTP/1.1" 200 2932
::1 - - [21/Feb/2022:10:45:43 +0100] "GET /wp-includes/js/dist/components.min.js?ver=6b6e502f785d29d6e254e5706ae7ec7c HTTP/1.1" 200 788166
::1 - - [21/Feb/2022:10:45:43 +0100] "GET /wp-includes/js/dist/keyboard-shortcuts.min.js?ver=77c30626bb8cf4f5306643107664a1ae HTTP/1.1" 200 5606
::1 - - [21/Feb/2022:10:45:43 +0100] "GET /wp-includes/js/dist/notices.min.js?ver=5a82ca49493728103b070722b35c3c21 HTTP/1.1" 200 3118
::1 - - [21/Feb/2022:10:45:43 +0100] "GET /wp-includes/js/dist/token-list.min.js?ver=ea7b368befe497077dbfdf1bb6bf609d HTTP/1.1" 200 2336
::1 - - [21/Feb/2022:10:45:43 +0100] "GET /wp-includes/js/dist/wordcount.min.js?ver=6a22341ec4203372b399ccf210f7cc7a HTTP/1.1" 200 3255
::1 - - [21/Feb/2022:10:45:43 +0100] "GET /wp-includes/js/dist/block-editor.min.js?ver=56fd274d0d14fe0540d61051a6a899d2 HTTP/1.1" 200 536110
::1 - - [21/Feb/2022:10:45:43 +0100] "GET /wp-includes/js/dist/core-data.min.js?ver=b4684a7c90f2d858ab7fa74414ad5a54 HTTP/1.1" 200 48654
::1 - - [21/Feb/2022:10:45:43 +0100] "GET /wp-includes/js/dist/reusable-blocks.min.js?ver=0c555ff9c438801c104eea79e73f5769 HTTP/1.1" 200 6954
::1 - - [21/Feb/2022:10:45:43 +0100] "GET /wp-includes/js/dist/server-side-render.min.js?ver=eb4890f695e6a7a0560506060a152632 HTTP/1.1" 200 4790
::1 - - [21/Feb/2022:10:45:43 +0100] "GET /wp-includes/js/dist/viewport.min.js?ver=ad7c7de26ddc2341a6a3cf458c2c19dc HTTP/1.1" 200 3129
::1 - - [21/Feb/2022:10:45:44 +0100] "GET /wp-admin/js/editor.min.js?ver=5.9 HTTP/1.1" 200 13211
::1 - - [21/Feb/2022:10:45:44 +0100] "GET /wp-includes/js/dist/data-controls.min.js?ver=8f1ca4c9b8ce97569364f3595781e718 HTTP/1.1" 200 2280
::1 - - [21/Feb/2022:10:45:44 +0100] "GET /wp-includes/js/dist/block-library.min.js?ver=49fba42622059b5560281bac78da1c05 HTTP/1.1" 200 599315
::1 - - [21/Feb/2022:10:45:44 +0100] "GET /wp-includes/js/dist/media-utils.min.js?ver=18fe8dfbb471a4ef452f5032317b2627 HTTP/1.1" 200 8173
::1 - - [21/Feb/2022:10:45:44 +0100] "GET /wp-includes/js/dist/editor.min.js?ver=4462388364a4deca4092cf3e67a30a8b HTTP/1.1" 200 141659
::1 - - [21/Feb/2022:10:45:44 +0100] "GET /wp-includes/js/dist/plugins.min.js?ver=a192d765378319e49e7d3ba821e8afa3 HTTP/1.1" 200 5430
::1 - - [21/Feb/2022:10:45:44 +0100] "GET /wp-includes/js/backbone.min.js?ver=1.4.0 HTTP/1.1" 200 23794
::1 - - [21/Feb/2022:10:45:44 +0100] "GET /wp-includes/js/wp-backbone.min.js?ver=5.9 HTTP/1.1" 200 3037
::1 - - [21/Feb/2022:10:45:44 +0100] "GET /wp-includes/js/media-models.min.js?ver=5.9 HTTP/1.1" 200 14293
::1 - - [21/Feb/2022:10:45:44 +0100] "GET /wp-includes/js/plupload/wp-plupload.min.js?ver=5.9 HTTP/1.1" 200 5979
::1 - - [21/Feb/2022:10:45:44 +0100] "GET /wp-includes/js/mediaelement/mediaelement-and-player.min.js?ver=4.2.16 HTTP/1.1" 200 157610
::1 - - [21/Feb/2022:10:45:44 +0100] "GET /wp-includes/js/mediaelement/mediaelement-migrate.min.js?ver=5.9 HTTP/1.1" 200 1193
::1 - - [21/Feb/2022:10:45:44 +0100] "GET /wp-includes/js/mediaelement/wp-mediaelement.min.js?ver=5.9 HTTP/1.1" 200 906
::1 - - [21/Feb/2022:10:45:44 +0100] "GET /wp-includes/js/media-views.min.js?ver=5.9 HTTP/1.1" 200 111410
::1 - - [21/Feb/2022:10:45:44 +0100] "GET /wp-includes/js/dist/edit-post.min.js?ver=aec3905d54d344b48f452da0da95d621 HTTP/1.1" 200 121199
::1 - - [21/Feb/2022:10:45:44 +0100] "GET /wp-includes/js/media-editor.min.js?ver=5.9 HTTP/1.1" 200 10909
::1 - - [21/Feb/2022:10:45:44 +0100] "GET /wp-includes/js/media-audiovideo.min.js?ver=5.9 HTTP/1.1" 200 12964
::1 - - [21/Feb/2022:10:45:44 +0100] "GET /wp-includes/js/mce-view.min.js?ver=5.9 HTTP/1.1" 200 9883
::1 - - [21/Feb/2022:10:45:44 +0100] "GET /wp-includes/js/imgareaselect/jquery.imgareaselect.min.js?ver=5.9 HTTP/1.1" 200 9723
::1 - - [21/Feb/2022:10:45:44 +0100] "GET /wp-admin/js/image-edit.min.js?ver=5.9 HTTP/1.1" 200 11263
::1 - - [21/Feb/2022:10:45:44 +0100] "GET /wp-includes/js/dist/block-directory.min.js?ver=3deb079b0e2403bde3764a3ee22c2d59 HTTP/1.1" 200 22107
::1 - - [21/Feb/2022:10:45:44 +0100] "GET /wp-includes/js/dist/format-library.min.js?ver=5179b7561f0153d3127cffc2fc6d4a26 HTTP/1.1" 200 21928
::1 - - [21/Feb/2022:10:45:44 +0100] "GET /wp-includes/js/tinymce/wp-tinymce.js?ver=49110-20201110 HTTP/1.1" 200 671350
::1 - - [21/Feb/2022:10:45:44 +0100] "GET /wp-includes/js/dist/vendor/react.min.js?ver=17.0.1 HTTP/1.1" 200 11440
::1 - - [21/Feb/2022:10:45:44 +0100] "GET /wp-includes/js/dist/vendor/react-dom.min.js?ver=17.0.1 HTTP/1.1" 200 120585
::1 - - [21/Feb/2022:10:45:44 +0100] "GET /wp-admin/load-scripts.php?c=1&load%5Bchunk_0%5D=jquery-core,jquery-migrate,utils,moxiejs,plupload&ver=5.9 HTTP/1.1" 200 205817
::1 - - [21/Feb/2022:10:45:44 +0100] "GET /wp-includes/js/dist/blob.min.js?ver=4eca38a62df5f0145a5f1a78858581e7 HTTP/1.1" 200 1574
::1 - - [21/Feb/2022:10:45:44 +0100] "GET /wp-includes/js/dist/api-fetch.min.js?ver=17766b2bf644140bbb233ce86db2174c HTTP/1.1" 200 6076
::1 - - [21/Feb/2022:10:45:44 +0100] "GET /wp-includes/js/dist/autop.min.js?ver=e5e1c1378bcb34e073986566ac756500 HTTP/1.1" 200 6307
::1 - - [21/Feb/2022:10:45:44 +0100] "GET /wp-includes/js/dist/block-serialization-default-parser.min.js?ver=2fc6dec19af6d4c5e5fec8f6fdc1a10b HTTP/1.1" 200 3015
::1 - - [21/Feb/2022:10:45:44 +0100] "GET /wp-includes/js/dist/deprecated.min.js?ver=8778985ac0dfb16f24f8ef86d0718f43 HTTP/1.1" 200 1647
::1 - - [21/Feb/2022:10:45:44 +0100] "GET /wp-includes/js/dist/escape-html.min.js?ver=ce66e0f9acf6802317399656243ffbc4 HTTP/1.1" 200 1783
::1 - - [21/Feb/2022:10:45:44 +0100] "GET /wp-includes/js/dist/dom.min.js?ver=ba466ff86449b948bf89b1d25c2ad20e HTTP/1.1" 200 13546
::1 - - [21/Feb/2022:10:45:44 +0100] "GET /wp-includes/js/dist/is-shallow-equal.min.js?ver=77450ab7b4e5185ab453093061332216 HTTP/1.1" 200 1696
::1 - - [21/Feb/2022:10:45:44 +0100] "GET /wp-includes/js/dist/element.min.js?ver=fb9def72b4f6427aa79ce1c534a205cc HTTP/1.1" 200 9651
::1 - - [21/Feb/2022:10:45:44 +0100] "GET /wp-includes/js/dist/priority-queue.min.js?ver=8800e995455b762f0853c3b3abee6781 HTTP/1.1" 200 1636
::1 - - [21/Feb/2022:10:45:44 +0100] "GET /wp-includes/js/dist/keycodes.min.js?ver=9fd5d44710365c520fb15d397154271b HTTP/1.1" 200 4143
::1 - - [21/Feb/2022:10:45:44 +0100] "GET /wp-includes/js/dist/compose.min.js?ver=058697a4c5024045c81954f411ff6dba HTTP/1.1" 200 36812
::1 - - [21/Feb/2022:10:45:44 +0100] "GET /wp-includes/js/dist/redux-routine.min.js?ver=6c3ab278bc9641b6f62731e018a4449e HTTP/1.1" 200 9796
::1 - - [21/Feb/2022:10:45:44 +0100] "GET /wp-includes/js/dist/data.min.js?ver=c5f9378263e5eea9d870764c8fc1dd1b HTTP/1.1" 200 24453
::1 - - [21/Feb/2022:10:45:44 +0100] "GET /wp-includes/js/dist/html-entities.min.js?ver=544a76db37139ce991197ce1c0e8a601 HTTP/1.1" 200 1416
::1 - - [21/Feb/2022:10:45:44 +0100] "GET /wp-includes/js/dist/shortcode.min.js?ver=7e026aec9ee5f844fe239b66b54b8865 HTTP/1.1" 200 4055
::1 - - [21/Feb/2022:10:45:44 +0100] "GET /wp-includes/js/dist/blocks.min.js?ver=28d5b8f8805a22435cbdc51927067812 HTTP/1.1" 200 158553
::1 - - [21/Feb/2022:10:45:44 +0100] "GET /wp-includes/js/dist/primitives.min.js?ver=31ccba505ebf4a66b299970fad62423c HTTP/1.1" 200 2901
::1 - - [21/Feb/2022:10:45:44 +0100] "GET /wp-includes/js/dist/rich-text.min.js?ver=a3e3616311fad456179e52a7528ec7fd HTTP/1.1" 200 36738
::1 - - [21/Feb/2022:10:45:44 +0100] "GET /wp-includes/js/dist/warning.min.js?ver=1f17121f9d6d7d4961e1345d847b2122 HTTP/1.1" 200 2932
::1 - - [21/Feb/2022:10:45:44 +0100] "GET /wp-includes/js/dist/keyboard-shortcuts.min.js?ver=77c30626bb8cf4f5306643107664a1ae HTTP/1.1" 200 5606
::1 - - [21/Feb/2022:10:45:44 +0100] "GET /wp-includes/js/dist/notices.min.js?ver=5a82ca49493728103b070722b35c3c21 HTTP/1.1" 200 3118
::1 - - [21/Feb/2022:10:45:44 +0100] "GET /wp-includes/js/dist/token-list.min.js?ver=ea7b368befe497077dbfdf1bb6bf609d HTTP/1.1" 200 2336
::1 - - [21/Feb/2022:10:45:44 +0100] "GET /wp-includes/js/dist/wordcount.min.js?ver=6a22341ec4203372b399ccf210f7cc7a HTTP/1.1" 200 3255
::1 - - [21/Feb/2022:10:45:44 +0100] "GET /wp-includes/js/dist/viewport.min.js?ver=ad7c7de26ddc2341a6a3cf458c2c19dc HTTP/1.1" 200 3129
::1 - - [21/Feb/2022:10:45:44 +0100] "GET /wp-includes/js/dist/core-data.min.js?ver=b4684a7c90f2d858ab7fa74414ad5a54 HTTP/1.1" 200 48654
::1 - - [21/Feb/2022:10:45:44 +0100] "GET /wp-includes/js/dist/reusable-blocks.min.js?ver=0c555ff9c438801c104eea79e73f5769 HTTP/1.1" 200 6954
::1 - - [21/Feb/2022:10:45:44 +0100] "GET /wp-includes/js/dist/server-side-render.min.js?ver=eb4890f695e6a7a0560506060a152632 HTTP/1.1" 200 4790
::1 - - [21/Feb/2022:10:45:44 +0100] "GET /wp-includes/js/dist/data-controls.min.js?ver=8f1ca4c9b8ce97569364f3595781e718 HTTP/1.1" 200 2280
::1 - - [21/Feb/2022:10:45:44 +0100] "GET /wp-admin/js/editor.min.js?ver=5.9 HTTP/1.1" 200 13211
::1 - - [21/Feb/2022:10:45:44 +0100] "GET /wp-includes/js/dist/media-utils.min.js?ver=18fe8dfbb471a4ef452f5032317b2627 HTTP/1.1" 200 8173
::1 - - [21/Feb/2022:10:45:44 +0100] "GET /wp-includes/js/dist/block-editor.min.js?ver=56fd274d0d14fe0540d61051a6a899d2 HTTP/1.1" 200 536110
::1 - - [21/Feb/2022:10:45:44 +0100] "GET /wp-includes/js/dist/components.min.js?ver=6b6e502f785d29d6e254e5706ae7ec7c HTTP/1.1" 200 788166
::1 - - [21/Feb/2022:10:45:44 +0100] "GET /wp-includes/js/dist/plugins.min.js?ver=a192d765378319e49e7d3ba821e8afa3 HTTP/1.1" 200 5430
::1 - - [21/Feb/2022:10:45:44 +0100] "GET /wp-includes/js/dist/editor.min.js?ver=4462388364a4deca4092cf3e67a30a8b HTTP/1.1" 200 141659
::1 - - [21/Feb/2022:10:45:44 +0100] "GET /wp-includes/js/backbone.min.js?ver=1.4.0 HTTP/1.1" 200 23794
::1 - - [21/Feb/2022:10:45:44 +0100] "GET /wp-includes/js/wp-backbone.min.js?ver=5.9 HTTP/1.1" 200 3037
::1 - - [21/Feb/2022:10:45:44 +0100] "GET /wp-includes/js/media-models.min.js?ver=5.9 HTTP/1.1" 200 14293
::1 - - [21/Feb/2022:10:45:44 +0100] "GET /wp-includes/js/dist/block-library.min.js?ver=49fba42622059b5560281bac78da1c05 HTTP/1.1" 200 599315
::1 - - [21/Feb/2022:10:45:44 +0100] "GET /wp-includes/js/plupload/wp-plupload.min.js?ver=5.9 HTTP/1.1" 200 5979
::1 - - [21/Feb/2022:10:45:44 +0100] "GET /wp-includes/js/mediaelement/mediaelement-migrate.min.js?ver=5.9 HTTP/1.1" 200 1193
::1 - - [21/Feb/2022:10:45:44 +0100] "GET /wp-includes/js/mediaelement/wp-mediaelement.min.js?ver=5.9 HTTP/1.1" 200 906
::1 - - [21/Feb/2022:10:45:44 +0100] "GET /wp-includes/js/mediaelement/mediaelement-and-player.min.js?ver=4.2.16 HTTP/1.1" 200 157610
::1 - - [21/Feb/2022:10:45:44 +0100] "GET /wp-includes/js/media-views.min.js?ver=5.9 HTTP/1.1" 200 111410
::1 - - [21/Feb/2022:10:45:44 +0100] "GET /wp-includes/js/media-editor.min.js?ver=5.9 HTTP/1.1" 200 10909
::1 - - [21/Feb/2022:10:45:44 +0100] "GET /wp-includes/js/media-audiovideo.min.js?ver=5.9 HTTP/1.1" 200 12964
::1 - - [21/Feb/2022:10:45:44 +0100] "GET /wp-includes/js/dist/edit-post.min.js?ver=aec3905d54d344b48f452da0da95d621 HTTP/1.1" 200 121199
::1 - - [21/Feb/2022:10:45:44 +0100] "GET /wp-includes/js/mce-view.min.js?ver=5.9 HTTP/1.1" 200 9883
::1 - - [21/Feb/2022:10:45:44 +0100] "GET /wp-includes/js/imgareaselect/jquery.imgareaselect.min.js?ver=5.9 HTTP/1.1" 200 9723
::1 - - [21/Feb/2022:10:45:44 +0100] "GET /wp-admin/js/image-edit.min.js?ver=5.9 HTTP/1.1" 200 11263
::1 - - [21/Feb/2022:10:45:44 +0100] "GET /wp-includes/js/dist/format-library.min.js?ver=5179b7561f0153d3127cffc2fc6d4a26 HTTP/1.1" 200 21928
::1 - - [21/Feb/2022:10:45:44 +0100] "GET /wp-includes/js/dist/block-directory.min.js?ver=3deb079b0e2403bde3764a3ee22c2d59 HTTP/1.1" 200 22107
::1 - - [21/Feb/2022:10:45:44 +0100] "GET /wp-includes/js/tinymce/wp-tinymce.js?ver=49110-20201110 HTTP/1.1" 200 671350
::1 - - [21/Feb/2022:10:45:45 +0100] "GET /wp-content/themes/twentytwentytwo/assets/fonts/SourceSerif4Variable-Roman.ttf.woff2 HTTP/1.1" 200 428448
::1 - - [21/Feb/2022:10:45:45 +0100] "GET /wp-json/wp/v2/blocks?context=edit&per_page=100&_locale=user HTTP/1.1" 200 2
::1 - - [21/Feb/2022:10:45:45 +0100] "OPTIONS /wp-json/wp/v2/pages?_locale=user HTTP/1.1" 200 11964
::1 - - [21/Feb/2022:10:45:45 +0100] "GET /wp-json/wp/v2/users/me?_locale=user HTTP/1.1" 200 584
::1 - - [21/Feb/2022:10:45:45 +0100] "GET /wp-json/?_locale=user HTTP/1.1" 200 159925
::1 - - [21/Feb/2022:10:45:45 +0100] "GET /wp-json/wp/v2/users?context=view&who=authors&per_page=50&_fields=id%2Cname&_locale=user HTTP/1.1" 200 25
::1 - - [21/Feb/2022:10:45:45 +0100] "GET /wp-json/wp/v2/templates?context=edit&post_type=page&_locale=user HTTP/1.1" 200 4467
::1 - - [21/Feb/2022:10:45:45 +0100] "OPTIONS /wp-json/wp/v2/templates?_locale=user HTTP/1.1" 200 4549
::1 - - [21/Feb/2022:10:45:45 +0100] "GET /sample-page/?_wp-find-template=true HTTP/1.1" 200 1812
::1 - - [21/Feb/2022:10:45:45 +0100] "GET /wp-json/wp/v2/pages/2?_locale=user HTTP/1.1" 200 2688
::1 - - [21/Feb/2022:10:45:45 +0100] "GET /wp-json/wp/v2/themes?context=edit&status=active&_locale=user HTTP/1.1" 200 3942
::1 - - [21/Feb/2022:10:45:45 +0100] "GET /wp-json/wp/v2/templates/twentytwentytwo//page?context=edit&_locale=user HTTP/1.1" 200 2383
::1 - - [21/Feb/2022:10:45:57 +0100] "POST /wp-json/wp/v2/pages/2?_locale=user HTTP/1.1" 200 4548
::1 - - [21/Feb/2022:10:45:59 +0100] "POST /wp-admin/admin-ajax.php HTTP/1.1" 200 1
::1 - - [21/Feb/2022:10:45:59 +0100] "GET /sample-page/ HTTP/1.1" 200 60656
::1 - - [21/Feb/2022:10:46:00 +0100] "GET /wp-includes/css/admin-bar.min.css?ver=5.9 HTTP/1.1" 200 20105
::1 - - [21/Feb/2022:10:46:00 +0100] "GET /wp-includes/blocks/navigation/style.min.css?ver=5.9 HTTP/1.1" 200 13574
::1 - - [21/Feb/2022:10:46:00 +0100] "GET /wp-content/themes/twentytwentytwo/style.css?ver=1.0 HTTP/1.1" 200 5662
::1 - - [21/Feb/2022:10:46:00 +0100] "GET /wp-includes/blocks/navigation/view.min.js?ver=3776ea67846b3bb10fe8f7cdd486b0ba HTTP/1.1" 200 9265
::1 - - [21/Feb/2022:10:46:00 +0100] "GET /wp-includes/blocks/navigation/view.min.js?ver=3776ea67846b3bb10fe8f7cdd486b0ba HTTP/1.1" 200 9265
